;  LST file generated by mikroListExporter - v.2.0 
; Date/Time: 02/11/2017 04:56:26 PM
;----------------------------------------------

;Address Opcode 	ASM
0x0000	0xF001EF12  	GOTO        548
_INTERRUPT_HIGH:
;First_OSA_Project.c,27 :: 		void INTERRUPT_HIGH() iv 0x0008 ics ICS_AUTO {
0x0008	0xF016C000  	MOVFF       R0, 22
0x000C	0xF015C001  	MOVFF       R1, 21
;First_OSA_Project.c,28 :: 		if (TMR2IF_bit)
0x0010	0xA29E      	BTFSS       TMR2IF_bit, BitPos(TMR2IF_bit+0) 
0x0012	0xD031      	BRA         L_INTERRUPT_HIGH0
;First_OSA_Project.c,30 :: 		TMR2IF_bit = 0;
0x0014	0x929E      	BCF         TMR2IF_bit, BitPos(TMR2IF_bit+0) 
;First_OSA_Project.c,31 :: 		OS_Timer();
0x0016	0xA81D      	BTFSS       __OS_Tasks, 4 
0x0018	0xD00E      	BRA         L_INTERRUPT_HIGH1
0x001A	0x0E01      	MOVLW       1
0x001C	0x2422      	ADDWF       __OS_Tasks+5, 0 
0x001E	0x6E00      	MOVWF       R0 
0x0020	0x0E00      	MOVLW       0
0x0022	0x2023      	ADDWFC      __OS_Tasks+6, 0 
0x0024	0x6E01      	MOVWF       R1 
0x0026	0xF022C000  	MOVFF       R0, __OS_Tasks+5
0x002A	0xF023C001  	MOVFF       R1, __OS_Tasks+6
0x002E	0x5022      	MOVF        __OS_Tasks+5, 0 
0x0030	0x1023      	IORWF       __OS_Tasks+6, 0 
0x0032	0xB4D8      	BTFSC       STATUS, 2 
0x0034	0x981D      	BCF         __OS_Tasks, 4 
L_INTERRUPT_HIGH2:
L_INTERRUPT_HIGH1:
0x0036	0xA824      	BTFSS       __OS_Tasks+7, 4 
0x0038	0xD00E      	BRA         L_INTERRUPT_HIGH3
0x003A	0x0E01      	MOVLW       1
0x003C	0x2429      	ADDWF       __OS_Tasks+12, 0 
0x003E	0x6E00      	MOVWF       R0 
0x0040	0x0E00      	MOVLW       0
0x0042	0x202A      	ADDWFC      __OS_Tasks+13, 0 
0x0044	0x6E01      	MOVWF       R1 
0x0046	0xF029C000  	MOVFF       R0, __OS_Tasks+12
0x004A	0xF02AC001  	MOVFF       R1, __OS_Tasks+13
0x004E	0x5029      	MOVF        __OS_Tasks+12, 0 
0x0050	0x102A      	IORWF       __OS_Tasks+13, 0 
0x0052	0xB4D8      	BTFSC       STATUS, 2 
0x0054	0x9824      	BCF         __OS_Tasks+7, 4 
L_INTERRUPT_HIGH4:
L_INTERRUPT_HIGH3:
0x0056	0xA82B      	BTFSS       __OS_Tasks+14, 4 
0x0058	0xD00E      	BRA         L_INTERRUPT_HIGH5
0x005A	0x0E01      	MOVLW       1
0x005C	0x2430      	ADDWF       __OS_Tasks+19, 0 
0x005E	0x6E00      	MOVWF       R0 
0x0060	0x0E00      	MOVLW       0
0x0062	0x2031      	ADDWFC      __OS_Tasks+20, 0 
0x0064	0x6E01      	MOVWF       R1 
0x0066	0xF030C000  	MOVFF       R0, __OS_Tasks+19
0x006A	0xF031C001  	MOVFF       R1, __OS_Tasks+20
0x006E	0x5030      	MOVF        __OS_Tasks+19, 0 
0x0070	0x1031      	IORWF       __OS_Tasks+20, 0 
0x0072	0xB4D8      	BTFSC       STATUS, 2 
0x0074	0x982B      	BCF         __OS_Tasks+14, 4 
L_INTERRUPT_HIGH6:
L_INTERRUPT_HIGH5:
;First_OSA_Project.c,32 :: 		}
L_INTERRUPT_HIGH0:
;First_OSA_Project.c,33 :: 		}
L_end_INTERRUPT_HIGH:
L__INTERRUPT_HIGH49:
0x0076	0xF000C016  	MOVFF       22, R0
0x007A	0xF001C015  	MOVFF       21, R1
0x007E	0x0011      	RETFIE      1
; end of _INTERRUPT_HIGH
__OS_SET_FSR_CUR_TASK:
;osa_pic18_mikroc.c,242 :: 		
;osa_pic18_mikroc.c,244 :: 		
0x0080	0xFFE9C017  	MOVFF       __OS_CurTask, FSR0L
0x0084	0xFFEAC018  	MOVFF       __OS_CurTask+1, FSR0H
;osa_pic18_mikroc.c,245 :: 		
L_end__OS_SET_FSR_CUR_TASK:
0x0088	0x0012      	RETURN      0
; end of __OS_SET_FSR_CUR_TASK
__OS_ReturnSave:
;osa_pic18_mikroc.c,106 :: 		
;osa_pic18_mikroc.c,108 :: 		
0x008A	0xDFFA      	RCALL       __OS_SET_FSR_CUR_TASK
;osa_pic18_mikroc.c,109 :: 		
0x008C	0xFFECCFFD  	MOVFF       TOSL, PREINC0
0x0090	0xFFECCFFE  	MOVFF       TOSH, PREINC0
0x0094	0xFFECCFFF  	MOVFF       TOSU, PREINC0
;osa_pic18_mikroc.c,110 :: 		
0x0098	0x8635      	BSF         __OS_State, 3 
;osa_pic18_mikroc.c,111 :: 		
0x009A	0x0006      	POP
;osa_pic18_mikroc.c,112 :: 		
L_end__OS_ReturnSave:
0x009C	0x0012      	RETURN      0
; end of __OS_ReturnSave
__OS_InitDelay:
;osa_ttimer.c,69 :: 		
;osa_ttimer.c,72 :: 		
0x009E	0x9A35      	BCF         __OS_State, 5 
0x00A0	0xFFE1C017  	MOVFF       __OS_CurTask, FSR1L
0x00A4	0xFFE2C018  	MOVFF       __OS_CurTask+1, FSR1H
0x00A8	0x98E6      	BCF         POSTINC1, 4 
;osa_ttimer.c,77 :: 		
0x00AA	0x503B      	MOVF        FARG__OS_InitDelay_Delay, 0 
0x00AC	0x103C      	IORWF       FARG__OS_InitDelay_Delay+1, 0 
0x00AE	0xE02E      	BZ          L__OS_InitDelay12
;osa_ttimer.c,79 :: 		
0x00B0	0x0EFF      	MOVLW       255
0x00B2	0x183B      	XORWF       FARG__OS_InitDelay_Delay, 0 
0x00B4	0x6E00      	MOVWF       R0 
0x00B6	0x503C      	MOVF        FARG__OS_InitDelay_Delay+1, 0 
0x00B8	0x0AFF      	XORLW       255
0x00BA	0x6E01      	MOVWF       R1 
0x00BC	0xF03BC000  	MOVFF       R0, FARG__OS_InitDelay_Delay
0x00C0	0xF03CC001  	MOVFF       R1, FARG__OS_InitDelay_Delay+1
;osa_ttimer.c,80 :: 		
0x00C4	0x0E01      	MOVLW       1
0x00C6	0x2400      	ADDWF       R0, 0 
0x00C8	0x6E02      	MOVWF       R2 
0x00CA	0x0E00      	MOVLW       0
0x00CC	0x2001      	ADDWFC      R1, 0 
0x00CE	0x6E03      	MOVWF       R3 
0x00D0	0xF03BC002  	MOVFF       R2, FARG__OS_InitDelay_Delay
0x00D4	0xF03CC003  	MOVFF       R3, FARG__OS_InitDelay_Delay+1
;osa_ttimer.c,81 :: 		
0x00D8	0xF000C017  	MOVFF       __OS_CurTask, R0
0x00DC	0xF001C018  	MOVFF       __OS_CurTask+1, R1
0x00E0	0x0E05      	MOVLW       5
0x00E2	0x2400      	ADDWF       R0, 0 
0x00E4	0x6EE1      	MOVWF       FSR1L 
0x00E6	0x0E00      	MOVLW       0
0x00E8	0x2001      	ADDWFC      R1, 0 
0x00EA	0x6EE2      	MOVWF       FSR1H 
0x00EC	0xFFE6C002  	MOVFF       R2, POSTINC1
0x00F0	0xFFE6C003  	MOVFF       R3, POSTINC1
;osa_ttimer.c,82 :: 		
0x00F4	0xFFE1C017  	MOVFF       __OS_CurTask, FSR1L
0x00F8	0xFFE2C018  	MOVFF       __OS_CurTask+1, FSR1H
0x00FC	0x86E6      	BSF         POSTINC1, 3 
0x00FE	0xFFE1C017  	MOVFF       __OS_CurTask, FSR1L
0x0102	0xFFE2C018  	MOVFF       __OS_CurTask+1, FSR1H
0x0106	0x88E6      	BSF         POSTINC1, 4 
;osa_ttimer.c,87 :: 		
0x0108	0x8835      	BSF         __OS_State, 4 
;osa_ttimer.c,88 :: 		
0x010A	0x8635      	BSF         __OS_State, 3 
;osa_ttimer.c,90 :: 		
L__OS_InitDelay12:
;osa_ttimer.c,91 :: 		
L_end__OS_InitDelay:
0x010C	0x0012      	RETURN      0
; end of __OS_InitDelay
_OS_Init:
;osa_system.c,67 :: 		
;osa_system.c,72 :: 		
0x010E	0x6A1B      	CLRF        __OS_Flags 
;osa_system.c,81 :: 		
0x0110	0x0E2B      	MOVLW       __OS_Tasks+14
0x0112	0x6E19      	MOVWF       __OS_LastTask 
0x0114	0x0E00      	MOVLW       hi_addr(__OS_Tasks+14)
0x0116	0x6E1A      	MOVWF       __OS_LastTask+1 
;osa_system.c,326 :: 		
0x0118	0x9C1D      	BCF         __OS_Tasks, 6 
;osa_system.c,329 :: 		
0x011A	0x9C24      	BCF         __OS_Tasks+7, 6 
;osa_system.c,333 :: 		
0x011C	0x9C2B      	BCF         __OS_Tasks+14, 6 
;osa_system.c,394 :: 		
L_end_OS_Init:
0x011E	0x0012      	RETURN      0
; end of _OS_Init
___CC2DW:
;__Lib_System.c,21 :: 		
;__Lib_System.c,23 :: 		
_CC2DL_Loop1:
;__Lib_System.c,24 :: 		
0x0120	0x0009      	TBLRD*+
;__Lib_System.c,25 :: 		
0x0122	0xFFE6CFF5  	MOVFF       TABLAT, POSTINC1
;__Lib_System.c,26 :: 		
0x0126	0x0600      	DECF        R0, 1, 0
;__Lib_System.c,27 :: 		
0x0128	0xE1FB      	BNZ         _CC2DL_Loop1
;__Lib_System.c,28 :: 		
0x012A	0x0601      	DECF        R1, 1, 0
;__Lib_System.c,29 :: 		
0x012C	0xE1F9      	BNZ         _CC2DL_Loop1
;__Lib_System.c,31 :: 		
L_end___CC2DW:
0x012E	0x0012      	RETURN      0
; end of ___CC2DW
_InitMCU:
;First_OSA_Project.c,70 :: 		void InitMCU(void)
;First_OSA_Project.c,79 :: 		ADCON1 |= 0X0F;
0x0130	0x0E0F      	MOVLW       15
0x0132	0x12C1      	IORWF       ADCON1, 1 
;First_OSA_Project.c,82 :: 		TRISD = 0;                         // PORTD as output
0x0134	0x6A95      	CLRF        TRISD 
;First_OSA_Project.c,83 :: 		PORTD = 0;                         // All LEDs are OFF
0x0136	0x6A83      	CLRF        PORTD 
;First_OSA_Project.c,85 :: 		}
L_end_InitMCU:
0x0138	0x0012      	RETURN      0
; end of _InitMCU
_TickTimerIE:
;First_OSA_Project.c,35 :: 		void TickTimerIE(void)
;First_OSA_Project.c,38 :: 		T2CON = T2CON_CONST;
0x013A	0x0E4D      	MOVLW       77
0x013C	0x6ECA      	MOVWF       T2CON 
;First_OSA_Project.c,39 :: 		PR2 = PR2_CONST;
0x013E	0x0E31      	MOVLW       49
0x0140	0x6ECB      	MOVWF       PR2 
;First_OSA_Project.c,41 :: 		INTCON.GIEH = 1;
0x0142	0x8EF2      	BSF         INTCON, 7 
;First_OSA_Project.c,42 :: 		INTCON.GIEL = 1;
0x0144	0x8CF2      	BSF         INTCON, 6 
;First_OSA_Project.c,43 :: 		RCON.IPEN = 1;
0x0146	0x8ED0      	BSF         RCON, 7 
;First_OSA_Project.c,45 :: 		TMR2IE_bit = 1;
0x0148	0x829D      	BSF         TMR2IE_bit, BitPos(TMR2IE_bit+0) 
;First_OSA_Project.c,46 :: 		TMR2IP_bit = 1;
0x014A	0x829F      	BSF         TMR2IP_bit, BitPos(TMR2IP_bit+0) 
;First_OSA_Project.c,47 :: 		T2CON.TMR2ON = 1;
0x014C	0x84CA      	BSF         T2CON, 2 
;First_OSA_Project.c,48 :: 		}
L_end_TickTimerIE:
0x014E	0x0012      	RETURN      0
; end of _TickTimerIE
__OS_Task_Create:
;osa_tasks.c,75 :: 		
;osa_tasks.c,79 :: 		
0x0150	0x921B      	BCF         __OS_Flags, 1 
;osa_tasks.c,88 :: 		
0x0152	0x0E1D      	MOVLW       __OS_Tasks
0x0154	0x6E01      	MOVWF       R1 
0x0156	0x0E00      	MOVLW       hi_addr(__OS_Tasks)
0x0158	0x6E02      	MOVWF       R2 
;osa_tasks.c,89 :: 		
0x015A	0x6A34      	CLRF        __OS_Temp 
;osa_tasks.c,91 :: 		
L__OS_Task_Create13:
;osa_tasks.c,93 :: 		
0x015C	0xFFE9C001  	MOVFF       R1, FSR0L
0x0160	0xFFEAC002  	MOVFF       R2, FSR0H
0x0164	0xF000CFEE  	MOVFF       POSTINC0, R0
0x0168	0xBC00      	BTFSC       R0, 6 
0x016A	0xD028      	BRA         L__OS_Task_Create16
;osa_tasks.c,95 :: 		
0x016C	0x8C36      	BSF         FARG__OS_Task_Create_priority, 6 
;osa_tasks.c,96 :: 		
0x016E	0x8636      	BSF         FARG__OS_Task_Create_priority, 3 
;osa_tasks.c,98 :: 		
0x0170	0x0E01      	MOVLW       1
0x0172	0x2401      	ADDWF       R1, 0 
0x0174	0x6EE1      	MOVWF       FSR1L 
0x0176	0x0E00      	MOVLW       0
0x0178	0x2002      	ADDWFC      R2, 0 
0x017A	0x6EE2      	MOVWF       FSR1H 
0x017C	0xFFE6C037  	MOVFF       FARG__OS_Task_Create_TaskAddr, POSTINC1
0x0180	0xFFE6C038  	MOVFF       FARG__OS_Task_Create_TaskAddr+1, POSTINC1
0x0184	0xFFE6C039  	MOVFF       FARG__OS_Task_Create_TaskAddr+2, POSTINC1
0x0188	0xFFE6C03A  	MOVFF       FARG__OS_Task_Create_TaskAddr+3, POSTINC1
;osa_tasks.c,101 :: 		
0x018C	0x0E05      	MOVLW       5
0x018E	0x2401      	ADDWF       R1, 0 
0x0190	0x6EE1      	MOVWF       FSR1L 
0x0192	0x0E00      	MOVLW       0
0x0194	0x2002      	ADDWFC      R2, 0 
0x0196	0x6EE2      	MOVWF       FSR1H 
0x0198	0x6AE6      	CLRF        POSTINC1 
0x019A	0x6AE6      	CLRF        POSTINC1 
;osa_tasks.c,108 :: 		
0x019C	0xFFE1C001  	MOVFF       R1, FSR1L
0x01A0	0xFFE2C002  	MOVFF       R2, FSR1H
0x01A4	0xFFE6C036  	MOVFF       FARG__OS_Task_Create_priority, POSTINC1
;osa_tasks.c,111 :: 		
0x01A8	0x5002      	MOVF        R2, 0 
0x01AA	0x1818      	XORWF       __OS_CurTask+1, 0 
0x01AC	0xE102      	BNZ         L___OS_Task_Create32
0x01AE	0x5017      	MOVF        __OS_CurTask, 0 
0x01B0	0x1801      	XORWF       R1, 0 
L___OS_Task_Create32:
0x01B2	0xE102      	BNZ         L__OS_Task_Create17
0x01B4	0xF035C036  	MOVFF       FARG__OS_Task_Create_priority, __OS_State
L__OS_Task_Create17:
;osa_tasks.c,126 :: 		
0x01B8	0x921B      	BCF         __OS_Flags, 1 
;osa_tasks.c,128 :: 		
0x01BA	0xD009      	BRA         L_end__OS_Task_Create
;osa_tasks.c,130 :: 		
L__OS_Task_Create16:
;osa_tasks.c,132 :: 		
0x01BC	0x0E07      	MOVLW       7
0x01BE	0x2601      	ADDWF       R1, 1 
0x01C0	0x0E00      	MOVLW       0
0x01C2	0x2202      	ADDWFC      R2, 1 
;osa_tasks.c,134 :: 		
0x01C4	0x2A34      	INCF        __OS_Temp, 1 
0x01C6	0x0E03      	MOVLW       3
0x01C8	0x5C34      	SUBWF       __OS_Temp, 0 
0x01CA	0xE3C8      	BNC         L__OS_Task_Create13
;osa_tasks.c,137 :: 		
0x01CC	0x821B      	BSF         __OS_Flags, 1 
;osa_tasks.c,139 :: 		
;osa_tasks.c,140 :: 		
L_end__OS_Task_Create:
0x01CE	0x0012      	RETURN      0
; end of __OS_Task_Create
_Task_LED0:
;First_OSA_Project.c,89 :: 		void Task_LED0(void)
;First_OSA_Project.c,91 :: 		for(;;) //infinite loop
L_Task_LED035:
;First_OSA_Project.c,93 :: 		LATD.RD0 = ~LATD.RD0;
0x01D0	0x708C      	BTG         LATD, 0 
;First_OSA_Project.c,94 :: 		OS_Delay(300 ms);
0x01D2	0x0E2C      	MOVLW       44
0x01D4	0x6E3B      	MOVWF       FARG__OS_InitDelay_Delay 
0x01D6	0x0E01      	MOVLW       1
0x01D8	0x6E3C      	MOVWF       FARG__OS_InitDelay_Delay+1 
0x01DA	0xDF61      	RCALL       __OS_InitDelay
0x01DC	0xDF56      	RCALL       __OS_ReturnSave
0x01DE	0x0000      	NOP
;First_OSA_Project.c,102 :: 		}
0x01E0	0xD7F7      	BRA         L_Task_LED035
;First_OSA_Project.c,103 :: 		}
L_end_Task_LED0:
0x01E2	0x0012      	RETURN      0
; end of _Task_LED0
_Task_LED2:
;First_OSA_Project.c,114 :: 		void Task_LED2(void)
;First_OSA_Project.c,116 :: 		for(;;)
L_Task_LED241:
;First_OSA_Project.c,118 :: 		LATD.RD2 = ~LATD.RD2;
0x01E4	0x748C      	BTG         LATD, 2 
;First_OSA_Project.c,119 :: 		OS_Delay(300 ms);
0x01E6	0x0E2C      	MOVLW       44
0x01E8	0x6E3B      	MOVWF       FARG__OS_InitDelay_Delay 
0x01EA	0x0E01      	MOVLW       1
0x01EC	0x6E3C      	MOVWF       FARG__OS_InitDelay_Delay+1 
0x01EE	0xDF57      	RCALL       __OS_InitDelay
0x01F0	0xDF4C      	RCALL       __OS_ReturnSave
0x01F2	0x0000      	NOP
;First_OSA_Project.c,120 :: 		}
0x01F4	0xD7F7      	BRA         L_Task_LED241
;First_OSA_Project.c,121 :: 		}
L_end_Task_LED2:
0x01F6	0x0012      	RETURN      0
; end of _Task_LED2
__OS_JumpToTask:
;osa_pic18_mikroc.c,64 :: 		
;osa_pic18_mikroc.c,66 :: 		
0x01F8	0xDF43      	RCALL       __OS_SET_FSR_CUR_TASK
;osa_pic18_mikroc.c,67 :: 		
0x01FA	0xF035CFEE  	MOVFF       POSTINC0, __OS_State
;osa_pic18_mikroc.c,69 :: 		
0x01FE	0x0005      	PUSH
;osa_pic18_mikroc.c,70 :: 		
0x0200	0x50EE      	MOVF        POSTINC0, 0, 0
;osa_pic18_mikroc.c,71 :: 		
0x0202	0x6EFD      	MOVWF       TOSL, 0
;osa_pic18_mikroc.c,72 :: 		
0x0204	0x50EE      	MOVF        POSTINC0, 0, 0
;osa_pic18_mikroc.c,73 :: 		
0x0206	0x6EFE      	MOVWF       TOSH, 0
;osa_pic18_mikroc.c,74 :: 		
0x0208	0x50EE      	MOVF        POSTINC0, 0, 0
;osa_pic18_mikroc.c,75 :: 		
0x020A	0x6EFF      	MOVWF       TOSU, 0
;osa_pic18_mikroc.c,76 :: 		
0x020C	0x0012      	RETURN      0
;osa_pic18_mikroc.c,78 :: 		
L_end__OS_JumpToTask:
0x020E	0x0012      	RETURN      0
; end of __OS_JumpToTask
_Task_LED1:
;First_OSA_Project.c,105 :: 		void Task_LED1(void)
;First_OSA_Project.c,107 :: 		for(;;)
L_Task_LED138:
;First_OSA_Project.c,109 :: 		LATD.RD1 = ~LATD.RD1;
0x0210	0x728C      	BTG         LATD, 1 
;First_OSA_Project.c,110 :: 		OS_Delay(300 ms);
0x0212	0x0E2C      	MOVLW       44
0x0214	0x6E3B      	MOVWF       FARG__OS_InitDelay_Delay 
0x0216	0x0E01      	MOVLW       1
0x0218	0x6E3C      	MOVWF       FARG__OS_InitDelay_Delay+1 
0x021A	0xDF41      	RCALL       __OS_InitDelay
0x021C	0xDF36      	RCALL       __OS_ReturnSave
0x021E	0x0000      	NOP
;First_OSA_Project.c,111 :: 		}
0x0220	0xD7F7      	BRA         L_Task_LED138
;First_OSA_Project.c,112 :: 		}
L_end_Task_LED1:
0x0222	0x0012      	RETURN      0
; end of _Task_LED1
_main:
;First_OSA_Project.c,50 :: 		void main (void)
;First_OSA_Project.c,52 :: 		InitMCU();                         // Inicialize MCU's peripheral
0x0224	0xDF85      	RCALL       _InitMCU
;First_OSA_Project.c,53 :: 		TickTimerIE();                     // Config TickTimer interruptions
0x0226	0xDF89      	RCALL       _TickTimerIE
;First_OSA_Project.c,55 :: 		OS_Init();                         // Inicialize RTO's
0x0228	0xDF72      	RCALL       _OS_Init
;First_OSA_Project.c,58 :: 		OS_Task_Create(0, Task_LED0);      //Criate task LE0 (Max priority)
0x022A	0x6A36      	CLRF        FARG__OS_Task_Create_priority 
0x022C	0x0ED0      	MOVLW       _Task_LED0
0x022E	0x6E37      	MOVWF       FARG__OS_Task_Create_TaskAddr 
0x0230	0x0E01      	MOVLW       hi_addr(_Task_LED0)
0x0232	0x6E38      	MOVWF       FARG__OS_Task_Create_TaskAddr+1 
0x0234	0x0E00      	MOVLW       0
0x0236	0x6E39      	MOVWF       FARG__OS_Task_Create_TaskAddr+2 
0x0238	0x0E00      	MOVLW       0
0x023A	0x6E3A      	MOVWF       FARG__OS_Task_Create_TaskAddr+3 
0x023C	0xDF89      	RCALL       __OS_Task_Create
;First_OSA_Project.c,59 :: 		OS_Task_Create(0, Task_LED1);      //Criate task LE1 (Max priority)
0x023E	0x6A36      	CLRF        FARG__OS_Task_Create_priority 
0x0240	0x0E10      	MOVLW       _Task_LED1
0x0242	0x6E37      	MOVWF       FARG__OS_Task_Create_TaskAddr 
0x0244	0x0E02      	MOVLW       hi_addr(_Task_LED1)
0x0246	0x6E38      	MOVWF       FARG__OS_Task_Create_TaskAddr+1 
0x0248	0x0E00      	MOVLW       0
0x024A	0x6E39      	MOVWF       FARG__OS_Task_Create_TaskAddr+2 
0x024C	0x0E00      	MOVLW       0
0x024E	0x6E3A      	MOVWF       FARG__OS_Task_Create_TaskAddr+3 
0x0250	0xDF7F      	RCALL       __OS_Task_Create
;First_OSA_Project.c,60 :: 		OS_Task_Create(0, Task_LED2);      //Criate task LE2 (Max priority)
0x0252	0x6A36      	CLRF        FARG__OS_Task_Create_priority 
0x0254	0x0EE4      	MOVLW       _Task_LED2
0x0256	0x6E37      	MOVWF       FARG__OS_Task_Create_TaskAddr 
0x0258	0x0E01      	MOVLW       hi_addr(_Task_LED2)
0x025A	0x6E38      	MOVWF       FARG__OS_Task_Create_TaskAddr+1 
0x025C	0x0E00      	MOVLW       0
0x025E	0x6E39      	MOVWF       FARG__OS_Task_Create_TaskAddr+2 
0x0260	0x0E00      	MOVLW       0
0x0262	0x6E3A      	MOVWF       FARG__OS_Task_Create_TaskAddr+3 
0x0264	0xDF75      	RCALL       __OS_Task_Create
;First_OSA_Project.c,62 :: 		OS_EI();                           // Enable interrupts
0x0266	0x8EF2      	BSF         GIE_bit, BitPos(GIE_bit+0) 
0x0268	0xBED0      	BTFSC       IPEN_bit, BitPos(IPEN_bit+0) 
0x026A	0x8CF2      	BSF         GIEL_bit, BitPos(GIEL_bit+0) 
L_main7:
;First_OSA_Project.c,65 :: 		OS_Run();                          // Run the scheduler
L_main8:
0x026C	0x981B      	BCF         __OS_Flags, 4 
0x026E	0x861B      	BSF         __OS_Flags, 3 
0x0270	0x0E08      	MOVLW       8
0x0272	0x6E1C      	MOVWF       __OS_Best_Priority 
0x0274	0xF017C019  	MOVFF       __OS_LastTask, __OS_CurTask
0x0278	0xF018C01A  	MOVFF       __OS_LastTask+1, __OS_CurTask+1
L_main11:
0x027C	0x0E00      	MOVLW       hi_addr(__OS_Tasks+14)
0x027E	0x5C18      	SUBWF       __OS_CurTask+1, 0 
0x0280	0xE102      	BNZ         L__main52
0x0282	0x0E2B      	MOVLW       __OS_Tasks+14
0x0284	0x5C17      	SUBWF       __OS_CurTask, 0 
L__main52:
0x0286	0xE305      	BNC         L_main14
0x0288	0x0E1D      	MOVLW       __OS_Tasks
0x028A	0x6E17      	MOVWF       __OS_CurTask 
0x028C	0x0E00      	MOVLW       hi_addr(__OS_Tasks)
0x028E	0x6E18      	MOVWF       __OS_CurTask+1 
0x0290	0xD00A      	BRA         L_main15
L_main14:
0x0292	0x0E07      	MOVLW       7
0x0294	0x2417      	ADDWF       __OS_CurTask, 0 
0x0296	0x6E00      	MOVWF       R0 
0x0298	0x0E00      	MOVLW       0
0x029A	0x2018      	ADDWFC      __OS_CurTask+1, 0 
0x029C	0x6E01      	MOVWF       R1 
0x029E	0xF017C000  	MOVFF       R0, __OS_CurTask
0x02A2	0xF018C001  	MOVFF       R1, __OS_CurTask+1
L_main15:
0x02A6	0xFFE9C017  	MOVFF       __OS_CurTask, FSR0L
0x02AA	0xFFEAC018  	MOVFF       __OS_CurTask+1, FSR0H
0x02AE	0x0E01      	MOVLW       1
0x02B0	0x6E00      	MOVWF       R0 
0x02B2	0x0E35      	MOVLW       __OS_State
0x02B4	0x6EE1      	MOVWF       FSR1L 
0x02B6	0x0E00      	MOVLW       hi_addr(__OS_State)
0x02B8	0x6EE2      	MOVWF       FSR1H 
L_main16:
0x02BA	0xFFE6CFEE  	MOVFF       POSTINC0, POSTINC1
0x02BE	0x0600      	DECF        R0, 1 
0x02C0	0xE1FC      	BNZ         L_main16
0x02C2	0xAC35      	BTFSS       __OS_State, 6 
0x02C4	0xD003      	BRA         L__main47
0x02C6	0xBE35      	BTFSC       __OS_State, 7 
0x02C8	0xD001      	BRA         L__main47
0x02CA	0xD001      	BRA         L_main19
L__main47:
0x02CC	0xD02E      	BRA         ___main__OS_SCHED_CONTINUE
L_main19:
0x02CE	0xF000C035  	MOVFF       __OS_State, R0
0x02D2	0x0E07      	MOVLW       7
0x02D4	0x1600      	ANDWF       R0, 1 
0x02D6	0xF034C000  	MOVFF       R0, __OS_Temp
0x02DA	0x501C      	MOVF        __OS_Best_Priority, 0 
0x02DC	0x5C34      	SUBWF       __OS_Temp, 0 
0x02DE	0xE301      	BNC         L_main20
0x02E0	0xD024      	BRA         ___main__OS_SCHED_CONTINUE
L_main20:
0x02E2	0xB635      	BTFSC       __OS_State, 3 
0x02E4	0xD00C      	BRA         L_main21
___main__OS_SCHED_RUN:
0x02E6	0xDF88      	RCALL       __OS_JumpToTask
0x02E8	0xDECB      	RCALL       __OS_SET_FSR_CUR_TASK
0x02EA	0x0ED7      	MOVLW       215
0x02EC	0x16EF      	ANDWF       __indf, 1 
0x02EE	0x0E28      	MOVLW       40
0x02F0	0x1435      	ANDWF       __OS_State, 0 
0x02F2	0x6E00      	MOVWF       R0 
0x02F4	0x5000      	MOVF        R0, 0 
0x02F6	0x12EF      	IORWF       __indf, 1 
0x02F8	0xB61B      	BTFSC       __OS_Flags, 3 
0x02FA	0xD001      	BRA         L_main22
0x02FC	0xD03B      	BRA         ___main_SCHED_END
L_main22:
L_main21:
0x02FE	0xA835      	BTFSS       __OS_State, 4 
0x0300	0xD003      	BRA         L_main25
0x0302	0xBA35      	BTFSC       __OS_State, 5 
0x0304	0xD001      	BRA         L_main25
L__main46:
0x0306	0xD011      	BRA         ___main__OS_SCHED_CONTINUE
L_main25:
0x0308	0xA635      	BTFSS       __OS_State, 3 
0x030A	0xD00F      	BRA         L_main26
0x030C	0x881B      	BSF         __OS_Flags, 4 
0x030E	0xF032C017  	MOVFF       __OS_CurTask, __OS_BestTask
0x0312	0xF033C018  	MOVFF       __OS_CurTask+1, __OS_BestTask+1
0x0316	0xF000C035  	MOVFF       __OS_State, R0
0x031A	0x0E07      	MOVLW       7
0x031C	0x1600      	ANDWF       R0, 1 
0x031E	0xF01CC000  	MOVFF       R0, __OS_Best_Priority
0x0322	0x501C      	MOVF        __OS_Best_Priority, 0 
0x0324	0x0A00      	XORLW       0
0x0326	0xE101      	BNZ         L_main27
0x0328	0xD007      	BRA         L_main12
L_main27:
L_main26:
___main__OS_SCHED_CONTINUE:
0x032A	0x5018      	MOVF        __OS_CurTask+1, 0 
0x032C	0x181A      	XORWF       __OS_LastTask+1, 0 
0x032E	0xE102      	BNZ         L__main53
0x0330	0x5019      	MOVF        __OS_LastTask, 0 
0x0332	0x1817      	XORWF       __OS_CurTask, 0 
L__main53:
0x0334	0xE001      	BZ          L__main45
0x0336	0xD7A2      	BRA         L_main11
L__main45:
L_main12:
0x0338	0xA81B      	BTFSS       __OS_Flags, 4 
0x033A	0xD01C      	BRA         L_main30
0x033C	0x961B      	BCF         __OS_Flags, 3 
0x033E	0xF017C032  	MOVFF       __OS_BestTask, __OS_CurTask
0x0342	0xF018C033  	MOVFF       __OS_BestTask+1, __OS_CurTask+1
0x0346	0xF019C017  	MOVFF       __OS_CurTask, __OS_LastTask
0x034A	0xF01AC018  	MOVFF       __OS_CurTask+1, __OS_LastTask+1
0x034E	0xFFE9C017  	MOVFF       __OS_CurTask, FSR0L
0x0352	0xFFEAC018  	MOVFF       __OS_CurTask+1, FSR0H
0x0356	0x0E01      	MOVLW       1
0x0358	0x6E00      	MOVWF       R0 
0x035A	0x0E35      	MOVLW       __OS_State
0x035C	0x6EE1      	MOVWF       FSR1L 
0x035E	0x0E00      	MOVLW       hi_addr(__OS_State)
0x0360	0x6EE2      	MOVWF       FSR1H 
L_main31:
0x0362	0xFFE6CFEE  	MOVFF       POSTINC0, POSTINC1
0x0366	0x0600      	DECF        R0, 1 
0x0368	0xE1FC      	BNZ         L_main31
0x036A	0xAC35      	BTFSS       __OS_State, 6 
0x036C	0xD003      	BRA         L_main34
0x036E	0xBE35      	BTFSC       __OS_State, 7 
0x0370	0xD001      	BRA         L_main34
L__main44:
0x0372	0xD7B9      	BRA         ___main__OS_SCHED_RUN
L_main34:
L_main30:
___main_SCHED_END:
0x0374	0xD77B      	BRA         L_main8
;First_OSA_Project.c,67 :: 		}
L_end_main:
0x0376	0xD7FF      	BRA         $+0
; end of _main
Symbol List:
//** Routines locations **
//ADDRESS    SIZE    PROCEDURE
//----------------------------------------------
0x0008     [120]    _INTERRUPT_HIGH
0x0080      [10]    __OS_SET_FSR_CUR_TASK
0x008A      [20]    __OS_ReturnSave
0x009E     [112]    __OS_InitDelay
0x010E      [18]    _OS_Init
0x0120      [16]    ___CC2DW
0x0130      [10]    _InitMCU
0x013A      [22]    _TickTimerIE
0x0150     [128]    __OS_Task_Create
0x01D0      [20]    _Task_LED0
0x01E4      [20]    _Task_LED2
0x01F8      [24]    __OS_JumpToTask
0x0210      [20]    _Task_LED1
0x0224     [340]    _main
//** Variables locations ** 
//ADDRESS    SIZE    VARIABLE
//----------------------------------------------
0x0000       [1]    __Lib_SoftI2C_PutZerosToLATScl_temp_scl_L0
0x0000       [1]    EEPROM_Write_SaveINTCON_L0
0x0000       [1]    UART1_Init_tmp_L0
0x0000       [1]    SPI1_Write_tmp_L0
0x0000       [1]    __Lib_SoftI2C_PutZerosToLATSda_temp_sda_L0
0x0000       [1]    R0
0x0000       [1]    FLASH_Erase_64_SaveINTCON_L0
0x0001       [1]    UART1_Read___tmp_UART1_Read_L0
0x0001       [1]    FLASH_Write_32_i_L0
0x0001       [1]    R1
0x0001       [1]    FLASH_Erase_Write_64_i_L0
0x0001       [1]    __Lib_TFT_JPEG_FileReadBytes_Result_L0
0x0001       [1]    OS_DI_temp_L0
0x0001       [1]    __Lib_PS2_Wait_Falling_nsample_L0
0x0001       [1]    __Lib_TFT_JPEG_FileRead_i_L0
0x0001       [2]    _OS_Task_Create_Task_L0
0x0001       [1]    __Lib_TFT_16bit_JPEG_FileReadBytes_Result_L0
0x0001       [1]    ispunct_rslt_L0
0x0001       [2]    FLASH_Read_N_Bytes_i_L0
0x0001       [1]    __Lib_TFT_16bit_JPEG_FileRead_i_L0
0x0002       [2]    __Lib_FT812_alt_memcpy_dd_L0
0x0002       [1]    FLASH_Write_32_SaveINTCON_L0
0x0002       [2]    memset_pp_L0
0x0002       [2]    strlen_cp_L0
0x0002       [2]    memchr_s_L0
0x0002       [1]    FLASH_Erase_Write_64_j_L0
0x0002       [2]    __Lib_FT812_alt_memset_pp_L0
0x0002       [2]    __Lib_FT812_alt_strlen_cp_L0
0x0002       [2]    memcpy_dd_L0
0x0002       [1]    R2
0x0002       [2]    __Lib_FT800_alt_strlen_cp_L0
0x0002       [2]    __Lib_FT810_alt_strlen_cp_L0
0x0002       [2]    __Lib_FT810_alt_memset_pp_L0
0x0002       [2]    __Lib_FT800_alt_memset_pp_L0
0x0002       [2]    __Lib_FT800_alt_memcpy_dd_L0
0x0002       [2]    __Lib_FT810_alt_memcpy_dd_L0
0x0003       [4]    FT800_Canvas_SurrRect_minX_L0
0x0003       [2]    MM_TotalFreeMemSize_Tot_L0
0x0003       [1]    FLASH_Erase_Write_64_SaveINTCON_L0
0x0003       [2]    Ltrim_original_L0
0x0003       [1]    __Lib_Sprinti_?FLOC____Lib_Sprinti_Do_FillT29
0x0003       [1]    MM_Init_i_L0
0x0003       [2]    memmove_tt_L0
0x0003       [2]    __Lib_MmcFat16_f16_toInt_l_L0
0x0003       [4]    FT812_Canvas_SurrRect_minX_L0
0x0003       [1]    R3
0x0003       [4]    FT810_Canvas_SurrRect_minX_L0
0x0004       [2]    strcat_cp_L0
0x0004       [2]    memcpy_ss_L0
0x0004       [2]    strncat_cp_L0
0x0004       [2]    frexp_pom_L0
0x0004       [2]    __Lib_FT812_alt_memcpy_ss_L0
0x0004       [2]    __Lib_FT810_alt_memcpy_ss_L0
0x0004       [3]    __Lib_FT800_alt_strlen_const_cp_L0
0x0004       [3]    __Lib_FT810_alt_strlen_const_cp_L0
0x0004       [2]    strncpy_cp_L0
0x0004       [2]    strcpy_cp_L0
0x0004       [1]    R4
0x0004       [3]    __Lib_FT812_alt_strlen_const_cp_L0
0x0004       [2]    __Lib_FT800_alt_memcpy_ss_L0
0x0004       [2]    __Lib_MemManager_MM_GetMemAlign_P_L0
0x0004       [1]    __Lib_Sprinti_?FLOC____Lib_Sprinti_Do_FillT40
0x0005       [2]    Ltrim_p_L0
0x0005       [2]    LongIntToHex_input_half_L0
0x0005       [1]    __Lib_Sprinti_?FLOC____Lib_Sprinti_Do_FillT54
0x0005       [2]    memmove_ff_L0
0x0005       [1]    R5
0x0005       [1]    MM_TotalFreeMemSize_i_L0
0x0005       [2]    LongWordToHex_input_half_L0
0x0006       [1]    R6
0x0006       [1]    __Lib_Sprinti_?FLOC____Lib_Sprinti_Do_FillT69
0x0006       [1]    __Lib_MemManager_MM_GetMemAlign_i_L0
0x0007       [1]    R7
0x0007       [4]    FT800_Canvas_SurrRect_minY_L0
0x0007       [4]    FT810_Canvas_SurrRect_minY_L0
0x0007       [1]    __Lib_TFT_JPEG_GenerateHuffmanTables_bLength_L0
0x0007       [4]    FT812_Canvas_SurrRect_minY_L0
0x0007       [1]    __Lib_TFT_16bit_JPEG_GenerateHuffmanTables_bLength_L0
0x0008       [1]    __Lib_TFT_16bit_JPEG_GenerateHuffmanTables_bTable_L0
0x0008       [1]    __Lib_TFT_JPEG_GenerateHuffmanTables_bTable_L0
0x0008       [1]    R8
0x0009       [4]    __Lib_MmcFat16_f16_toLong_l_L0
0x0009       [1]    R9
0x000A       [1]    R10
0x000B       [4]    FT812_Canvas_SurrRect_maxX_L0
0x000B       [1]    R11
0x000B       [4]    FT800_Canvas_SurrRect_maxX_L0
0x000B       [4]    FT810_Canvas_SurrRect_maxX_L0
0x000C       [1]    R12
0x000D       [1]    R13
0x000E       [1]    R14
0x000F       [4]    FT800_Canvas_SurrRect_maxY_L0
0x000F       [4]    FT810_Canvas_SurrRect_maxY_L0
0x000F       [1]    R15
0x000F       [4]    FT812_Canvas_SurrRect_maxY_L0
0x0010       [1]    R16
0x0011       [1]    R17
0x0012       [1]    R18
0x0013       [1]    R19
0x0014       [1]    R20
0x0017       [2]    __OS_CurTask
0x0019       [2]    __OS_LastTask
0x001B       [1]    __OS_Flags
0x001C       [1]    __OS_Best_Priority
0x001D      [21]    __OS_Tasks
0x0032       [2]    __OS_BestTask
0x0034       [1]    __OS_Temp
0x0035       [1]    __OS_State
0x0036       [1]    FARG__OS_Task_Create_priority
0x0037       [4]    FARG__OS_Task_Create_TaskAddr
0x003B       [2]    FARG__OS_InitDelay_Delay
0x0F83       [1]    PORTD
0x0F8C       [1]    LATD
0x0F95       [1]    TRISD
0x0F9D       [0]    TMR2IE_bit
0x0F9E       [0]    TMR2IF_bit
0x0F9F       [0]    TMR2IP_bit
0x0FC1       [1]    ADCON1
0x0FCA       [1]    T2CON
0x0FCB       [1]    PR2
0x0FD0       [1]    RCON
0x0FD0       [0]    IPEN_bit
0x0FD8       [1]    STATUS
0x0FD9       [1]    FSR2L
0x0FDA       [1]    FSR2H
0x0FDE       [1]    POSTINC2
0x0FE0       [1]    BSR
0x0FE1       [1]    FSR1L
0x0FE2       [1]    FSR1H
0x0FE4       [1]    PREINC1
0x0FE6       [1]    POSTINC1
0x0FE7       [1]    INDF1
0x0FE8       [1]    WREG
0x0FE9       [2]    __fsr
0x0FE9       [1]    FSR0L
0x0FEA       [1]    FSR0H
0x0FEC       [1]    __preinc
0x0FEE       [1]    POSTINC0
0x0FEE       [1]    __postinc
0x0FEF       [1]    __indf
0x0FF2       [0]    GIEL_bit
0x0FF2       [0]    GIE_bit
0x0FF2       [1]    INTCON
0x0FF3       [1]    PRODL
0x0FF4       [1]    PRODH
0x0FF5       [1]    TABLAT
0x0FF6       [1]    TBLPTRL
0x0FF7       [1]    TBLPTRH
0x0FF8       [1]    TBLPTRU
0x0FFD       [1]    __tosl
0x0FFE       [1]    __tosh
0x0FFF       [1]    __tosu
